<?xml version="1.0" encoding="UTF-8"?>
<testng-results skipped="0" failed="0" ignored="0" total="1" passed="1">
  <reporter-output>
  </reporter-output>
  <suite name="Default suite" duration-ms="11216" started-at="2018-04-27T09:54:37Z" finished-at="2018-04-27T09:54:49Z">
    <groups>
    </groups>
    <test name="Default test" duration-ms="11216" started-at="2018-04-27T09:54:37Z" finished-at="2018-04-27T09:54:49Z">
      <class name="learnAutomation.ScreenShotGoogle">
        <test-method status="PASS" signature="TestJavaS1()[pri:0, instance:learnAutomation.ScreenShotGoogle@42d80b78]" name="TestJavaS1" duration-ms="10442" started-at="2018-04-27T09:54:37Z" finished-at="2018-04-27T09:54:48Z">
          <reporter-output>
          </reporter-output>
        </test-method> <!-- TestJavaS1 -->
        <test-method status="PASS" signature="tearDown()[pri:0, instance:learnAutomation.ScreenShotGoogle@42d80b78]" name="tearDown" is-config="true" duration-ms="728" started-at="2018-04-27T09:54:48Z" finished-at="2018-04-27T09:54:49Z">
          <reporter-output>
          </reporter-output>
        </test-method> <!-- tearDown -->
      </class> <!-- learnAutomation.ScreenShotGoogle -->
    </test> <!-- Default test -->
  </suite> <!-- Default suite -->
</testng-results>
